Using pre-set license

 COMMAND LINE ARGUMENTS:
/Applications/Unity/Hub/Editor/2020.2.1f1/Unity.app/Contents/MacOS/Unity
-adb2
-batchMode
-noUpm
-name
AssetImportWorker0
-projectPath
/Users/yairgueta/Programming/Jam/Game Jam 3
-logFile
Logs/AssetImportWorker0.log
-srvPort
58266
Successfully changed project path to: /Users/yairgueta/Programming/Jam/Game Jam 3
/Users/yairgueta/Programming/Jam/Game Jam 3
Using Asset Import Pipeline V2.
Refreshing native plugins compatible for Editor in 83.41 ms, found 1 plugins.
Preloading 0 native plugins for Editor in 0.00 ms.
Initialize engine version: 2020.2.1f1 (270dd8c3da1c)
[Subsystems] Discovering subsystems at path /Applications/Unity/Hub/Editor/2020.2.1f1/Unity.app/Contents/Resources/UnitySubsystems
[Subsystems] Discovering subsystems at path /Users/yairgueta/Programming/Jam/Game Jam 3/Assets
GfxDevice: creating device client; threaded=0
2021-01-01 10:33:26.285 Unity[42610:4058177] Color LCD preferred device: AMD Radeon Pro 5500M (high power)
2021-01-01 10:33:26.285 Unity[42610:4058177] Metal devices available: 2
2021-01-01 10:33:26.285 Unity[42610:4058177] 0: AMD Radeon Pro 5500M (high power)
2021-01-01 10:33:26.285 Unity[42610:4058177] 1: Intel(R) UHD Graphics 630 (low power)
2021-01-01 10:33:26.288 Unity[42610:4058177] Using device AMD Radeon Pro 5500M (high power)
Initializing Metal device caps: AMD Radeon Pro 5500M
Initialize mono
Mono path[0] = '/Applications/Unity/Hub/Editor/2020.2.1f1/Unity.app/Contents/Managed'
Mono path[1] = '/Applications/Unity/Hub/Editor/2020.2.1f1/Unity.app/Contents/MonoBleedingEdge/lib/mono/unityjit'
Mono config path = '/Applications/Unity/Hub/Editor/2020.2.1f1/Unity.app/Contents/MonoBleedingEdge/etc'
Using monoOptions --debugger-agent=transport=dt_socket,embedding=1,server=y,suspend=n,address=127.0.0.1:56610
Begin MonoManager ReloadAssembly
Registering precompiled unity dll's ...
Register platform support module: /Applications/Unity/Hub/Editor/2020.2.1f1/PlaybackEngines/WebGLSupport/UnityEditor.WebGL.Extensions.dll
Register platform support module: /Applications/Unity/Hub/Editor/2020.2.1f1/Unity.app/Contents/PlaybackEngines/MacStandaloneSupport/UnityEditor.OSXStandalone.Extensions.dll
Register platform support module: /Applications/Unity/Hub/Editor/2020.2.1f1/PlaybackEngines/WindowsStandaloneSupport/UnityEditor.WindowsStandalone.Extensions.dll
Registered in 0.065279 seconds.
Native extension for WindowsStandalone target not found
Native extension for OSXStandalone target not found
Native extension for WebGL target not found
Refreshing native plugins compatible for Editor in 46.25 ms, found 1 plugins.
Preloading 0 native plugins for Editor in 0.00 ms.
Invoked RoslynAnalysisRunner static constructor.
RoslynAnalysisRunner will not be running.
RoslynAnalysisRunner has terminated.
Mono: successfully reloaded assembly
- Completed reload, in  2.450 seconds
Platform modules already initialized, skipping
Registering precompiled user dll's ...
Registered in 0.001121 seconds.
Begin MonoManager ReloadAssembly
Native extension for WindowsStandalone target not found
Native extension for OSXStandalone target not found
Native extension for WebGL target not found
Refreshing native plugins compatible for Editor in 49.29 ms, found 1 plugins.
Preloading 0 native plugins for Editor in 0.00 ms.
Invoked RoslynAnalysisRunner static constructor.
RoslynAnalysisRunner will not be running.
RoslynAnalysisRunner has terminated.
Mono: successfully reloaded assembly
- Completed reload, in  1.475 seconds
Platform modules already initialized, skipping
========================================================================
Worker process is ready to serve import requests
Shader 'Universal Render Pipeline/Particles/Lit': fallback shader 'Universal Render Pipeline/Particles/SimpleLit' not found
Shader 'Universal Render Pipeline/Particles/Lit': fallback shader 'Universal Render Pipeline/Particles/SimpleLit' not found
Launching external process: /Applications/Unity/Hub/Editor/2020.2.1f1/Unity.app/Contents/Tools/UnityShaderCompiler
Launched and connected shader compiler UnityShaderCompiler after 0.02 seconds
Refreshing native plugins compatible for Editor in 0.42 ms, found 1 plugins.
Preloading 0 native plugins for Editor in 0.00 ms.
Unloading 2391 Unused Serialized files (Serialized files now loaded: 0)
System memory in use before: 170.7 MB.
System memory in use after: 168.3 MB.

Unloading 47 unused Assets to reduce memory usage. Loaded Objects now: 2793.
Total: 3.798882 ms (FindLiveObjects: 0.292735 ms CreateObjectMapping: 0.107247 ms MarkObjects: 1.711875 ms  DeleteObjects: 1.685976 ms)

========================================================================
Received Import Request.
  path: Assets/Readme.asset
  artifactKey: Guid(83c2ed844a8c74b779a4c823d16594b1) Importer(815301076,1909f56bfc062723c751e8b465ee728b)
Start importing Assets/Readme.asset using Guid(83c2ed844a8c74b779a4c823d16594b1) Importer(815301076,1909f56bfc062723c751e8b465ee728b)  -> (artifact id: 'cf6c1105aea63a748fcaa5f7f2e0893d') in 1.281506 seconds
  Import took 1.286365 seconds .

========================================================================
Received Prepare
Registering precompiled user dll's ...
Registered in 0.000720 seconds.
Begin MonoManager ReloadAssembly
Native extension for WindowsStandalone target not found
Native extension for OSXStandalone target not found
Native extension for WebGL target not found
Refreshing native plugins compatible for Editor in 0.38 ms, found 1 plugins.
Preloading 0 native plugins for Editor in 0.00 ms.
Invoked RoslynAnalysisRunner static constructor.
RoslynAnalysisRunner will not be running.
RoslynAnalysisRunner has terminated.
Mono: successfully reloaded assembly
- Completed reload, in  0.940 seconds
Platform modules already initialized, skipping
Shader 'Universal Render Pipeline/Particles/Lit': fallback shader 'Universal Render Pipeline/Particles/SimpleLit' not found
Shader 'Universal Render Pipeline/Particles/Lit': fallback shader 'Universal Render Pipeline/Particles/SimpleLit' not found
Refreshing native plugins compatible for Editor in 0.36 ms, found 1 plugins.
Preloading 0 native plugins for Editor in 0.00 ms.
Unloading 2317 Unused Serialized files (Serialized files now loaded: 0)
System memory in use before: 172.5 MB.
System memory in use after: 170.0 MB.

Unloading 43 unused Assets to reduce memory usage. Loaded Objects now: 2794.
Total: 3.349553 ms (FindLiveObjects: 0.282648 ms CreateObjectMapping: 0.084656 ms MarkObjects: 1.452156 ms  DeleteObjects: 1.529406 ms)

========================================================================
Received Import Request.
  Time since last request: 79.271072 seconds.
  path: Assets/Presets/AudioCompressedInMemory.preset
  artifactKey: Guid(2dd802e4d37c65149922028d3e973832) Importer(815301076,1909f56bfc062723c751e8b465ee728b)
Start importing Assets/Presets/AudioCompressedInMemory.preset using Guid(2dd802e4d37c65149922028d3e973832) Importer(815301076,1909f56bfc062723c751e8b465ee728b)  -> (artifact id: 'd503b08d25ea86390c8ce28e7e3b549a') in 1.258216 seconds
  Import took 1.263672 seconds .

========================================================================
Received Import Request.
  Time since last request: 0.000203 seconds.
  path: Assets/Presets/AudioStreaming.preset
  artifactKey: Guid(86bcce7f5575b54408aa0f3a7d321039) Importer(815301076,1909f56bfc062723c751e8b465ee728b)
Start importing Assets/Presets/AudioStreaming.preset using Guid(86bcce7f5575b54408aa0f3a7d321039) Importer(815301076,1909f56bfc062723c751e8b465ee728b)  -> (artifact id: '3b20ee4d5a7c25a618be67f14560315e') in 0.002106 seconds
  Import took 0.006037 seconds .

========================================================================
Received Import Request.
  Time since last request: 0.000211 seconds.
  path: Assets/Presets/NormalTexture.preset
  artifactKey: Guid(14a57cf3b9fa1c74b884aa7e0dcf1faa) Importer(815301076,1909f56bfc062723c751e8b465ee728b)
Start importing Assets/Presets/NormalTexture.preset using Guid(14a57cf3b9fa1c74b884aa7e0dcf1faa) Importer(815301076,1909f56bfc062723c751e8b465ee728b)  -> (artifact id: '1f345643df42ac75b06cc3efff75c44b') in 0.003705 seconds
  Import took 0.007818 seconds .

========================================================================
Received Import Request.
  Time since last request: 0.000222 seconds.
  path: Assets/Presets/UtilityTexture.preset
  artifactKey: Guid(45f7b2e3c78185248b3adbb14429c2ab) Importer(815301076,1909f56bfc062723c751e8b465ee728b)
Start importing Assets/Presets/UtilityTexture.preset using Guid(45f7b2e3c78185248b3adbb14429c2ab) Importer(815301076,1909f56bfc062723c751e8b465ee728b)  -> (artifact id: '6bdbbb156ce5b786ee71794c7541aaf4') in 0.003232 seconds
  Import took 0.006792 seconds .

========================================================================
Received Import Request.
  Time since last request: 4.070120 seconds.
  path: Assets/Materials/Skybox_Mat.mat
  artifactKey: Guid(0ffaa0b7117ba8c47a9d05ae701d4b4d) Importer(815301076,1909f56bfc062723c751e8b465ee728b)
Start importing Assets/Materials/Skybox_Mat.mat using Guid(0ffaa0b7117ba8c47a9d05ae701d4b4d) Importer(815301076,1909f56bfc062723c751e8b465ee728b)  -> (artifact id: 'c27f79ae21db569960de64cdc951bce4') in 0.762267 seconds
  Import took 0.766539 seconds .

========================================================================
Received Import Request.
  Time since last request: 3.424866 seconds.
  path: Assets/Scenes/SampleScene.unity
  artifactKey: Guid(d1c3109bdb54ad54c8a2b2838528e640) Importer(815301076,1909f56bfc062723c751e8b465ee728b)
Start importing Assets/Scenes/SampleScene.unity using Guid(d1c3109bdb54ad54c8a2b2838528e640) Importer(815301076,1909f56bfc062723c751e8b465ee728b)  -> (artifact id: '2c6077f638fd3b9f7d0e37f8308fab70') in 0.001272 seconds
  Import took 0.005996 seconds .

========================================================================
Received Import Request.
  Time since last request: 0.605137 seconds.
  path: Assets/Scenes/SampleSceneLightingSettings.lighting
  artifactKey: Guid(477cc4148fad3449482a3bc3178594e2) Importer(815301076,1909f56bfc062723c751e8b465ee728b)
Start importing Assets/Scenes/SampleSceneLightingSettings.lighting using Guid(477cc4148fad3449482a3bc3178594e2) Importer(815301076,1909f56bfc062723c751e8b465ee728b)  -> (artifact id: '7598880cf574591aa8b1038b900592c8') in 0.168625 seconds
  Import took 0.173409 seconds .

========================================================================
Received Import Request.
  Time since last request: 3.685888 seconds.
  path: Assets/Scripts/SimpleCameraController.cs
  artifactKey: Guid(be76e5f14cfee674cb30b491fb72b09b) Importer(815301076,1909f56bfc062723c751e8b465ee728b)
Start importing Assets/Scripts/SimpleCameraController.cs using Guid(be76e5f14cfee674cb30b491fb72b09b) Importer(815301076,1909f56bfc062723c751e8b465ee728b)  -> (artifact id: 'be07cd97b7d1e04e257d21a66419b54e') in 0.341160 seconds
  Import took 0.346060 seconds .

========================================================================
Received Prepare
Registering precompiled user dll's ...
Registered in 0.000749 seconds.
Begin MonoManager ReloadAssembly
Native extension for WindowsStandalone target not found
Native extension for OSXStandalone target not found
Native extension for WebGL target not found
Refreshing native plugins compatible for Editor in 0.38 ms, found 1 plugins.
Preloading 0 native plugins for Editor in 0.00 ms.
Invoked RoslynAnalysisRunner static constructor.
RoslynAnalysisRunner will not be running.
RoslynAnalysisRunner has terminated.
Mono: successfully reloaded assembly
- Completed reload, in  0.961 seconds
Platform modules already initialized, skipping
Shader 'Universal Render Pipeline/Particles/Lit': fallback shader 'Universal Render Pipeline/Particles/SimpleLit' not found
Shader 'Universal Render Pipeline/Particles/Lit': fallback shader 'Universal Render Pipeline/Particles/SimpleLit' not found
Refreshing native plugins compatible for Editor in 0.33 ms, found 1 plugins.
Preloading 0 native plugins for Editor in 0.00 ms.
Unloading 2316 Unused Serialized files (Serialized files now loaded: 0)
System memory in use before: 195.5 MB.
System memory in use after: 193.0 MB.

Unloading 43 unused Assets to reduce memory usage. Loaded Objects now: 2873.
Total: 3.342845 ms (FindLiveObjects: 0.275542 ms CreateObjectMapping: 0.094574 ms MarkObjects: 1.427328 ms  DeleteObjects: 1.544612 ms)

========================================================================
Received Import Request.
  Time since last request: 3.973473 seconds.
  path: Assets/Settings/SampleSceneProfile.asset
  artifactKey: Guid(10fc4df2da32a41aaa32d77bc913491c) Importer(815301076,1909f56bfc062723c751e8b465ee728b)
Start importing Assets/Settings/SampleSceneProfile.asset using Guid(10fc4df2da32a41aaa32d77bc913491c) Importer(815301076,1909f56bfc062723c751e8b465ee728b)  -> (artifact id: '6e3be3cd34f8af4f46fd60acfc6eef6d') in 0.015384 seconds
  Import took 0.019928 seconds .

========================================================================
Received Import Request.
  Time since last request: 0.000236 seconds.
  path: Assets/Settings/UniversalRP-LowQuality.asset
  artifactKey: Guid(a31e9f9f9c9d4b9429ed0d1234e22103) Importer(815301076,1909f56bfc062723c751e8b465ee728b)
Start importing Assets/Settings/UniversalRP-LowQuality.asset using Guid(a31e9f9f9c9d4b9429ed0d1234e22103) Importer(815301076,1909f56bfc062723c751e8b465ee728b)  -> (artifact id: 'fb77ffeef419a4562082a5c96d96af3a') in 0.004100 seconds
  Import took 0.007994 seconds .

========================================================================
Received Import Request.
  Time since last request: 0.000161 seconds.
  path: Assets/Settings/UniversalRP-MediumQuality.asset
  artifactKey: Guid(d847b876476d3d6468f5dfcd34266f96) Importer(815301076,1909f56bfc062723c751e8b465ee728b)
Start importing Assets/Settings/UniversalRP-MediumQuality.asset using Guid(d847b876476d3d6468f5dfcd34266f96) Importer(815301076,1909f56bfc062723c751e8b465ee728b)  -> (artifact id: '287bae30497d307f9759d73f67d8cb28') in 0.004636 seconds
  Import took 0.008029 seconds .

========================================================================
Received Import Request.
  Time since last request: 0.000213 seconds.
  path: Assets/Settings/UniversalRP-HighQuality.asset
  artifactKey: Guid(19ba41d7c0026c3459d37c2fe90c55a0) Importer(815301076,1909f56bfc062723c751e8b465ee728b)
Start importing Assets/Settings/UniversalRP-HighQuality.asset using Guid(19ba41d7c0026c3459d37c2fe90c55a0) Importer(815301076,1909f56bfc062723c751e8b465ee728b)  -> (artifact id: 'f3b4e7e2da29431edd606a0aeb818315') in 0.004596 seconds
  Import took 0.008549 seconds .

========================================================================
Received Import Request.
  Time since last request: 0.000179 seconds.
  path: Assets/Settings/ForwardRenderer.asset
  artifactKey: Guid(4a8e21d5c33334b11b34a596161b9360) Importer(815301076,1909f56bfc062723c751e8b465ee728b)
Start importing Assets/Settings/ForwardRenderer.asset using Guid(4a8e21d5c33334b11b34a596161b9360) Importer(815301076,1909f56bfc062723c751e8b465ee728b)  -> (artifact id: '51b998c1e70282149a96596aebe73ce5') in 0.005837 seconds
  Import took 0.009754 seconds .

========================================================================
Received Prepare
Shader 'Universal Render Pipeline/Particles/Lit': fallback shader 'Universal Render Pipeline/Particles/SimpleLit' not found
Shader 'Universal Render Pipeline/Particles/Lit': fallback shader 'Universal Render Pipeline/Particles/SimpleLit' not found
Refreshing native plugins compatible for Editor in 0.89 ms, found 1 plugins.
Preloading 0 native plugins for Editor in 0.00 ms.
Unloading 40 Unused Serialized files (Serialized files now loaded: 0)
System memory in use before: 150.9 MB.
System memory in use after: 148.5 MB.

Unloading 40 unused Assets to reduce memory usage. Loaded Objects now: 2873.
Total: 4.558097 ms (FindLiveObjects: 0.278761 ms CreateObjectMapping: 0.122614 ms MarkObjects: 2.307852 ms  DeleteObjects: 1.848023 ms)

========================================================================
Received Import Request.
  Time since last request: 52.366696 seconds.
  path: Assets/Settings/2D Rederer.asset
  artifactKey: Guid(feefa00eb57e243acbf77e839e854b73) Importer(815301076,1909f56bfc062723c751e8b465ee728b)
Start importing Assets/Settings/2D Rederer.asset using Guid(feefa00eb57e243acbf77e839e854b73) Importer(815301076,1909f56bfc062723c751e8b465ee728b)  -> (artifact id: '02480ca10b6f4ae440167ebee272dc16') in 0.007085 seconds
  Import took 0.011355 seconds .

========================================================================
Received Import Request.
  Time since last request: 0.000277 seconds.
  path: Assets/Settings/2D Rederer_Renderer.asset
  artifactKey: Guid(5c5af30a03baf439298c409301647f30) Importer(815301076,1909f56bfc062723c751e8b465ee728b)
Start importing Assets/Settings/2D Rederer_Renderer.asset using Guid(5c5af30a03baf439298c409301647f30) Importer(815301076,1909f56bfc062723c751e8b465ee728b)  -> (artifact id: '3fc8660983e62f7367819383795361bb') in 0.006406 seconds
  Import took 0.010044 seconds .

========================================================================
Received Import Request.
  Time since last request: 25.067621 seconds.
  path: Assets/Settings/2D Reder Asset.asset
  artifactKey: Guid(feefa00eb57e243acbf77e839e854b73) Importer(815301076,1909f56bfc062723c751e8b465ee728b)
Start importing Assets/Settings/2D Reder Asset.asset using Guid(feefa00eb57e243acbf77e839e854b73) Importer(815301076,1909f56bfc062723c751e8b465ee728b)  -> (artifact id: '54c3951a7bf2a7b66ffc87ca4b59913b') in 0.003909 seconds
  Import took 0.008471 seconds .

========================================================================
Received Import Request.
  Time since last request: 0.004906 seconds.
  path: Assets/Settings/2D Reder Asset.asset
  artifactKey: Guid(feefa00eb57e243acbf77e839e854b73) Importer(815301076,1909f56bfc062723c751e8b465ee728b)
Start importing Assets/Settings/2D Reder Asset.asset using Guid(feefa00eb57e243acbf77e839e854b73) Importer(815301076,1909f56bfc062723c751e8b465ee728b)  -> (artifact id: '54c3951a7bf2a7b66ffc87ca4b59913b') in 0.004205 seconds
  Import took 0.008087 seconds .

========================================================================
Received Import Request.
  Time since last request: 21.764406 seconds.
  path: Assets/Settings/2D Renderer.asset
  artifactKey: Guid(6485a7109ca9d41f1873e2ce7b966954) Importer(815301076,1909f56bfc062723c751e8b465ee728b)
Start importing Assets/Settings/2D Renderer.asset using Guid(6485a7109ca9d41f1873e2ce7b966954) Importer(815301076,1909f56bfc062723c751e8b465ee728b)  -> (artifact id: '39e4f5d5474cda129245763ebb1fdbfb') in 0.012848 seconds
  Import took 0.016971 seconds .

========================================================================
Received Import Request.
  Time since last request: 0.005096 seconds.
  path: Assets/Settings/2D Renderer.asset
  artifactKey: Guid(6485a7109ca9d41f1873e2ce7b966954) Importer(815301076,1909f56bfc062723c751e8b465ee728b)
Start importing Assets/Settings/2D Renderer.asset using Guid(6485a7109ca9d41f1873e2ce7b966954) Importer(815301076,1909f56bfc062723c751e8b465ee728b)  -> (artifact id: '39e4f5d5474cda129245763ebb1fdbfb') in 0.008295 seconds
  Import took 0.012763 seconds .

========================================================================
Received Import Request.
  Time since last request: 4.526878 seconds.
  path: Assets/Settings/2D Render Asset.asset
  artifactKey: Guid(feefa00eb57e243acbf77e839e854b73) Importer(815301076,1909f56bfc062723c751e8b465ee728b)
Start importing Assets/Settings/2D Render Asset.asset using Guid(feefa00eb57e243acbf77e839e854b73) Importer(815301076,1909f56bfc062723c751e8b465ee728b)  -> (artifact id: 'e1c9f6fb17e851f0196ed7ba23038c1f') in 0.003872 seconds
  Import took 0.007454 seconds .

========================================================================
Received Import Request.
  Time since last request: 0.012457 seconds.
  path: Assets/Settings/2D Render Asset.asset
  artifactKey: Guid(feefa00eb57e243acbf77e839e854b73) Importer(815301076,1909f56bfc062723c751e8b465ee728b)
Start importing Assets/Settings/2D Render Asset.asset using Guid(feefa00eb57e243acbf77e839e854b73) Importer(815301076,1909f56bfc062723c751e8b465ee728b)  -> (artifact id: 'e1c9f6fb17e851f0196ed7ba23038c1f') in 0.004003 seconds
  Import took 0.008461 seconds .

========================================================================
Received Prepare
Shader 'Universal Render Pipeline/Particles/Lit': fallback shader 'Universal Render Pipeline/Particles/SimpleLit' not found
Shader 'Universal Render Pipeline/Particles/Lit': fallback shader 'Universal Render Pipeline/Particles/SimpleLit' not found
Refreshing native plugins compatible for Editor in 0.72 ms, found 1 plugins.
Preloading 0 native plugins for Editor in 0.00 ms.
Unloading 40 Unused Serialized files (Serialized files now loaded: 0)
System memory in use before: 151.2 MB.
System memory in use after: 148.8 MB.

Unloading 40 unused Assets to reduce memory usage. Loaded Objects now: 2873.
Total: 4.445888 ms (FindLiveObjects: 0.263962 ms CreateObjectMapping: 0.093807 ms MarkObjects: 2.107012 ms  DeleteObjects: 1.979473 ms)

========================================================================
Received Import Request.
  Time since last request: 147.020390 seconds.
  path: Assets/Scenes/Yairs Scene.unity
  artifactKey: Guid(ca35230cae28444dbb9b00fc64321924) Importer(815301076,1909f56bfc062723c751e8b465ee728b)
Start importing Assets/Scenes/Yairs Scene.unity using Guid(ca35230cae28444dbb9b00fc64321924) Importer(815301076,1909f56bfc062723c751e8b465ee728b)  -> (artifact id: 'bedea120107b7e5c4d3ef54bf06ed3e0') in 0.003077 seconds
  Import took 0.009740 seconds .

========================================================================
Received Import Request.
  Time since last request: 62.842266 seconds.
  path: Assets/Presets
  artifactKey: Guid(558255460b74ec04fa70b5570e9327bd) Importer(815301076,1909f56bfc062723c751e8b465ee728b)
Start importing Assets/Presets using Guid(558255460b74ec04fa70b5570e9327bd) Importer(815301076,1909f56bfc062723c751e8b465ee728b)  -> (artifact id: '5fb935aa39e5c6fb8d2f6fcfd589c9b3') in 0.001297 seconds
  Import took 0.005649 seconds .

========================================================================
Received Import Request.
  Time since last request: 11.633420 seconds.
  path: Assets/Images
  artifactKey: Guid(99bff510cf66944648d82e01f653b5b5) Importer(815301076,1909f56bfc062723c751e8b465ee728b)
Start importing Assets/Images using Guid(99bff510cf66944648d82e01f653b5b5) Importer(815301076,1909f56bfc062723c751e8b465ee728b)  -> (artifact id: '768f4e00d027d2013fa57fe654262cce') in 0.001281 seconds
  Import took 0.005552 seconds .

========================================================================
Received Import Request.
  Time since last request: 6.654492 seconds.
  path: Assets/Settings/2D Render Asset.asset
  artifactKey: Guid(feefa00eb57e243acbf77e839e854b73) Importer(815301076,1909f56bfc062723c751e8b465ee728b)
Start importing Assets/Settings/2D Render Asset.asset using Guid(feefa00eb57e243acbf77e839e854b73) Importer(815301076,1909f56bfc062723c751e8b465ee728b)  -> (artifact id: 'fe5e6e71ee2e24593f3b1ff4f3babda3') in 0.009576 seconds
  Import took 0.013828 seconds .

========================================================================
Received Import Request.
  Time since last request: 316.606545 seconds.
  path: Assets/Images/bg.jpg
  artifactKey: Guid(dbf1e3767d24b4b728832c70e749cac4) Importer(815301076,1909f56bfc062723c751e8b465ee728b)
Start importing Assets/Images/bg.jpg using Guid(dbf1e3767d24b4b728832c70e749cac4) Importer(815301076,1909f56bfc062723c751e8b465ee728b)  -> (artifact id: 'b86339b3d0416212f8ab7e8912ca7fc0') in 1.070321 seconds
  Import took 1.074605 seconds .

========================================================================
Received Import Request.
  Time since last request: 20.531137 seconds.
  path: Assets/Images/bg.jpg
  artifactKey: Guid(dbf1e3767d24b4b728832c70e749cac4) Importer(815301076,1909f56bfc062723c751e8b465ee728b)
Start importing Assets/Images/bg.jpg using Guid(dbf1e3767d24b4b728832c70e749cac4) Importer(815301076,1909f56bfc062723c751e8b465ee728b)  -> (artifact id: '3830a04b681984526330a374a07ae7ef') in 0.023061 seconds
  Import took 0.026768 seconds .

========================================================================
Received Import Request.
  Time since last request: 0.018631 seconds.
  path: Assets/Images/bg.jpg
  artifactKey: Guid(dbf1e3767d24b4b728832c70e749cac4) Importer(815301076,1909f56bfc062723c751e8b465ee728b)
Start importing Assets/Images/bg.jpg using Guid(dbf1e3767d24b4b728832c70e749cac4) Importer(815301076,1909f56bfc062723c751e8b465ee728b)  -> (artifact id: '3830a04b681984526330a374a07ae7ef') in 0.008488 seconds
  Import took 0.012708 seconds .

